<?xml version="1.0" encoding="UTF-8"?>
<!-- Generated by org.testng.reporters.JUnitReportReporter -->
<testsuite hostname="DESKTOP-9J3RMUU" failures="0" tests="1" name="testNG.TestNG_Demo" time="3.416" errors="0" timestamp="2022-05-19T03:26:34 EDT" skipped="0">
  <testcase classname="testNG.TestNG_Demo" name="testcase_001" time="3.416"/>
  <system-out/>
</testsuite> <!-- testNG.TestNG_Demo -->
