<?xml version="1.0" encoding="UTF-8"?>
<!-- Generated by org.testng.reporters.JUnitReportReporter -->
<testsuite hostname="DESKTOP-9J3RMUU" failures="0" tests="2" name="actionClass.ScrollUPandDown" time="10.837" errors="0" timestamp="2022-05-26T14:51:44 EDT" skipped="0">
  <testcase classname="actionClass.ScrollUPandDown" name="scrollDown" time="8.735"/>
  <system-out/>
  <testcase classname="actionClass.ScrollUPandDown" name="scrollUp" time="2.102"/>
  <system-out/>
</testsuite> <!-- actionClass.ScrollUPandDown -->
