<?xml version="1.0" encoding="UTF-8"?>
<!-- Generated by org.testng.reporters.JUnitReportReporter -->
<testsuite hostname="DESKTOP-9J3RMUU" failures="0" tests="1" name="actionClass.DrangA" time="17.426" errors="0" timestamp="2022-05-27T03:03:58 EDT" skipped="0">
  <testcase classname="actionClass.DrangA" name="dragAndDrop" time="17.426"/>
  <system-out/>
</testsuite> <!-- actionClass.DrangA -->
