<?xml version="1.0" encoding="UTF-8"?>
<!-- Generated by org.testng.reporters.JUnitReportReporter -->
<testsuite hostname="DESKTOP-9J3RMUU" failures="0" tests="2" name="testNG.Grouptest2" time="44.884" errors="0" timestamp="2022-05-23T05:17:49 EDT" skipped="0">
  <testcase classname="testNG.Grouptest2" name="vastek" time="29.467"/>
  <system-out/>
  <testcase classname="testNG.Grouptest2" name="Prologis" time="15.417"/>
  <system-out/>
</testsuite> <!-- testNG.Grouptest2 -->
