<?xml version="1.0" encoding="UTF-8"?>
<!-- Generated by org.testng.reporters.JUnitReportReporter -->
<testsuite hostname="DESKTOP-9J3RMUU" failures="0" tests="2" name="testNG.DependsOn_Method" time="11.573" errors="0" timestamp="2022-05-20T01:33:39 EDT" skipped="0">
  <testcase classname="testNG.DependsOn_Method" name="method_001" time="3.621"/>
  <system-out/>
  <testcase classname="testNG.DependsOn_Method" name="method_002" time="7.952"/>
  <system-out/>
</testsuite> <!-- testNG.DependsOn_Method -->
