<?xml version="1.0" encoding="UTF-8"?>
<!-- Generated by org.testng.reporters.JUnitReportReporter -->
<testsuite hostname="DESKTOP-9J3RMUU" failures="0" tests="2" name="actionClass.MouseOver" time="11.845" errors="0" timestamp="2022-05-26T14:47:22 EDT" skipped="0">
  <testcase classname="actionClass.MouseOver" name="scrollDown" time="9.147"/>
  <system-out/>
  <testcase classname="actionClass.MouseOver" name="scrollUp" time="2.698"/>
  <system-out/>
</testsuite> <!-- actionClass.MouseOver -->
