<?xml version="1.0" encoding="UTF-8"?>
<!-- Generated by org.testng.reporters.JUnitReportReporter -->
<testsuite hostname="DESKTOP-9J3RMUU" failures="0" tests="1" name="Log4j.log4j" time="12.395" errors="0" timestamp="2022-05-25T02:23:37 EDT" skipped="0">
  <testcase classname="Log4j.log4j" name="log4jmethod" time="12.395"/>
  <system-out/>
</testsuite> <!-- Log4j.log4j -->
