<?xml version="1.0" encoding="UTF-8"?>
<!-- Generated by org.testng.reporters.JUnitReportReporter -->
<testsuite hostname="DESKTOP-9J3RMUU" failures="0" tests="2" name="testNG.TestNG_Grouptest" time="7.605" errors="0" timestamp="2022-05-22T08:29:06 EDT" skipped="0">
  <testcase classname="testNG.TestNG_Grouptest" name="zomato" time="4.461"/>
  <system-out/>
  <testcase classname="testNG.TestNG_Grouptest" name="facebook" time="3.144"/>
  <system-out/>
</testsuite> <!-- testNG.TestNG_Grouptest -->
