<?xml version="1.0" encoding="UTF-8"?>
<!-- Generated by org.testng.reporters.JUnitReportReporter -->
<testsuite hostname="DESKTOP-9J3RMUU" failures="0" tests="2" name="testNG.TestNG_Include_Exclude" time="12.146" errors="0" timestamp="2022-05-24T04:39:04 EDT" skipped="0">
  <testcase classname="testNG.TestNG_Include_Exclude" name="zomato" time="6.255"/>
  <system-out/>
  <testcase classname="testNG.TestNG_Include_Exclude" name="zomato" time="5.891"/>
  <system-out/>
</testsuite> <!-- testNG.TestNG_Include_Exclude -->
