<?xml version="1.0" encoding="UTF-8"?>
<!-- Generated by org.testng.reporters.JUnitReportReporter -->
<testsuite hostname="DESKTOP-9J3RMUU" failures="0" tests="3" name="actionClass.ScrollUPandDown" time="12.710" errors="0" timestamp="2022-05-26T15:13:40 EDT" skipped="0">
  <testcase classname="actionClass.ScrollUPandDown" name="scrollDown" time="7.933"/>
  <system-out/>
  <testcase classname="actionClass.ScrollUPandDown" name="scrollUp" time="2.021"/>
  <system-out/>
  <testcase classname="actionClass.ScrollUPandDown" name="SelectedElementsScrollDown" time="2.756"/>
  <system-out/>
</testsuite> <!-- actionClass.ScrollUPandDown -->
