<?xml version="1.0" encoding="UTF-8"?>
<!-- Generated by org.testng.reporters.JUnitReportReporter -->
<testsuite hostname="DESKTOP-9J3RMUU" failures="0" tests="4" name="actionClass.MouseOver" time="13.214" errors="0" timestamp="2022-05-26T16:33:49 EDT" skipped="3">
  <testcase classname="actionClass.MouseOver" name="doubleClick" time="13.214"/>
  <system-out/>
  <testcase classname="actionClass.MouseOver" name="rightClick">
    <skipped/>
  </testcase> <!-- rightClick -->
  <system-out/>
  <testcase classname="actionClass.MouseOver" name="mouseOver">
    <skipped/>
  </testcase> <!-- mouseOver -->
  <system-out/>
  <testcase classname="actionClass.MouseOver" name="dragAndDrop">
    <skipped/>
  </testcase> <!-- dragAndDrop -->
  <system-out/>
</testsuite> <!-- actionClass.MouseOver -->
